{"level":"info","message":"Server online at http://localhost:3069","tag":"SERVER"}
{"level":"info","message":"Server online at http://localhost:3069","tag":"SERVER"}
{"level":"info","message":"Server online at http://localhost:3069","tag":"SERVER"}
{"level":"info","message":"Server online at http://localhost:3069","tag":"SERVER"}
{"level":"info","message":"Server online at http://localhost:3069","tag":"SERVER"}
{"level":"info","message":"Server online at http://localhost:3069","tag":"SERVER"}
{"level":"info","message":"Server online at http://localhost:3069","tag":"SERVER"}
{"level":"info","message":"Server online at http://localhost:3069","tag":"SERVER"}
{"level":"info","message":"Server online at http://localhost:3069","tag":"SERVER"}
{"level":"info","message":"Server online at http://localhost:3069","tag":"SERVER"}
{"level":"info","message":"Server online at http://localhost:3069","tag":"SERVER"}
{"level":"info","message":"Server online at http://localhost:3069","tag":"SERVER"}
{"level":"info","message":"Server online at http://localhost:3069","tag":"SERVER"}
{"level":"info","message":"Server online at http://localhost:3069","tag":"SERVER"}
{"level":"info","message":"Server online at http://localhost:3069","tag":"SERVER"}
{"level":"info","message":"Server online at http://localhost:3069","tag":"SERVER"}
{"level":"info","message":"Server online at http://localhost:3069","tag":"SERVER"}
{"level":"info","message":"Server online at http://localhost:3069","tag":"SERVER"}
{"level":"info","message":"Server online at http://localhost:3069","tag":"SERVER"}
{"level":"info","message":"Server online at http://localhost:3069","tag":"SERVER"}
{"level":"info","message":"Server online at http://localhost:3069","tag":"SERVER"}
{"level":"info","message":"Server online at http://localhost:3069","tag":"SERVER"}
{"level":"info","message":"Server online at http://localhost:3069","tag":"SERVER"}
{"level":"info","message":"Server online at http://localhost:3069","tag":"SERVER"}
{"level":"info","message":"Server online at http://localhost:3069","tag":"SERVER"}
{"level":"info","message":"Server online at http://localhost:3069","tag":"SERVER"}
{"level":"info","message":"Server online at http://localhost:3069","tag":"SERVER"}
{"level":"info","message":"Server online at http://localhost:3069","tag":"SERVER"}
{"level":"info","message":"Server online at http://localhost:3069","tag":"SERVER"}
{"level":"info","message":"Server online at http://localhost:3069","tag":"SERVER"}
{"level":"info","message":"Server online at http://localhost:3069","tag":"SERVER"}
{"level":"info","message":"Server online at http://localhost:3069","tag":"SERVER"}
{"level":"info","message":"Server online at http://localhost:3069","tag":"SERVER"}
{"level":"info","message":"Server online at http://localhost:3069","tag":"SERVER"}
{"level":"info","message":"Server online at http://localhost:3069","tag":"SERVER"}
{"level":"info","message":"Server online at http://localhost:3069","tag":"SERVER"}
{"level":"info","message":"Server online at http://localhost:3069","tag":"SERVER"}
{"level":"info","message":"Server online at http://localhost:3069","tag":"SERVER"}
{"level":"info","message":"Server online at http://localhost:3069","tag":"SERVER"}
{"level":"info","message":"Server online at http://localhost:3069","tag":"SERVER"}
{"level":"info","message":"Server online at http://localhost:3069","tag":"SERVER"}
{"level":"info","message":"Server online at http://localhost:3069","tag":"SERVER"}
{"level":"info","message":"Server online at http://localhost:3069","tag":"SERVER"}
{"level":"info","message":"Server online at http://localhost:3069","tag":"SERVER"}
{"level":"info","message":"Server online at http://localhost:3069","tag":"SERVER"}
{"level":"info","message":"Server online at http://localhost:3069","tag":"SERVER"}
{"level":"info","message":"Server online at http://localhost:3069","tag":"SERVER"}
{"level":"info","message":"Server online at http://localhost:3069","tag":"SERVER"}
{"level":"info","message":"Server online at http://localhost:3069","tag":"SERVER"}
{"level":"info","message":"Server online at http://localhost:3069","tag":"SERVER"}
{"level":"info","message":"Server online at http://localhost:3069","tag":"SERVER"}
{"level":"info","message":"Server online at http://localhost:3069","tag":"SERVER"}
{"level":"info","message":"POST /auth/register 500 2031 121.117ms","tag":" API "}
{"level":"info","message":"POST /auth/register 500 2031 13.650ms","tag":" API "}
{"level":"info","message":"Server online at http://localhost:3069","tag":"SERVER"}
{"level":"info","message":"POST /auth/register 500 2037 45.363ms","tag":" API "}
{"level":"info","message":"POST /auth/register 500 2037 8.903ms","tag":" API "}
{"level":"info","message":"Server online at http://localhost:3069","tag":"SERVER"}
{"level":"info","message":"POST /auth/register 500 1461 197.587ms","tag":" API "}
{"level":"info","message":"Server online at http://localhost:3069","tag":"SERVER"}
{"level":"info","message":"Server online at http://localhost:3069","tag":"SERVER"}
{"level":"info","message":"Server online at http://localhost:3069","tag":"SERVER"}
{"level":"info","message":"POST /auth/register 200 355 337.860ms","tag":" API "}
{"level":"info","message":"Server online at http://localhost:3069","tag":"SERVER"}
{"level":"info","message":"Server online at http://localhost:3069","tag":"SERVER"}
{"level":"info","message":"Server online at http://localhost:3069","tag":"SERVER"}
{"level":"info","message":"Server online at http://localhost:3069","tag":"SERVER"}
{"level":"info","message":"POST /auth/register 200 319 154.180ms","tag":" API "}
{"level":"info","message":"POST /auth/register 400 440 9.792ms","tag":" API "}
{"level":"info","message":"POST /auth/register 200 315 122.238ms","tag":" API "}
{"level":"info","message":"Server online at http://localhost:3069","tag":"SERVER"}
{"level":"info","message":"Server online at http://localhost:3069","tag":"SERVER"}
{"level":"info","message":"POST /auth/register 200 312 156.922ms","tag":" API "}
{"level":"info","message":"Server online at http://localhost:3069","tag":"SERVER"}
{"level":"info","message":"Server online at http://localhost:3069","tag":"SERVER"}
{"level":"info","message":"Server online at http://localhost:3069","tag":"SERVER"}
{"level":"info","message":"Server online at http://localhost:3069","tag":"SERVER"}
{"level":"info","message":"Server online at http://localhost:3069","tag":"SERVER"}
{"level":"info","message":"Server online at http://localhost:3069","tag":"SERVER"}
{"level":"info","message":"Server online at http://localhost:3069","tag":"SERVER"}
{"level":"info","message":"Server online at http://localhost:3069","tag":"SERVER"}
{"level":"info","message":"Server online at http://localhost:3069","tag":"SERVER"}
{"level":"info","message":"Server online at http://localhost:3069","tag":"SERVER"}
{"level":"info","message":"Server online at http://localhost:3069","tag":"SERVER"}
{"level":"info","message":"Server online at http://localhost:3069","tag":"SERVER"}
{"level":"info","message":"Server online at http://localhost:3069","tag":"SERVER"}
{"level":"info","message":"Server online at http://localhost:3069","tag":"SERVER"}
{"level":"info","message":"Server online at http://localhost:3069","tag":"SERVER"}
{"level":"info","message":"Server online at http://localhost:3069","tag":"SERVER"}
{"level":"info","message":"Server online at http://localhost:3069","tag":"SERVER"}
{"level":"info","message":"Server online at http://localhost:3069","tag":"SERVER"}
{"level":"info","message":"Server online at http://localhost:3069","tag":"SERVER"}
{"level":"info","message":"Server online at http://localhost:3069","tag":"SERVER"}
{"level":"info","message":"Server online at http://localhost:3069","tag":"SERVER"}
{"level":"info","message":"Server online at http://localhost:3069","tag":"SERVER"}
{"level":"info","message":"Server online at http://localhost:3069","tag":"SERVER"}
{"level":"info","message":"Server online at http://localhost:3069","tag":"SERVER"}
{"level":"info","message":"Server online at http://localhost:3069","tag":"SERVER"}
{"level":"info","message":"Server online at http://localhost:3069","tag":"SERVER"}
{"level":"info","message":"Server online at http://localhost:3069","tag":"SERVER"}
{"level":"info","message":"Server online at http://localhost:3069","tag":"SERVER"}
{"level":"info","message":"Server online at http://localhost:3069","tag":"SERVER"}
{"level":"info","message":"Server online at http://localhost:3069","tag":"SERVER"}
{"level":"info","message":"Server online at http://localhost:3069","tag":"SERVER"}
{"level":"info","message":"Server online at http://localhost:3069","tag":"SERVER"}
{"level":"info","message":"Server online at http://localhost:3069","tag":"SERVER"}
{"level":"info","message":"Server online at http://localhost:3069","tag":"SERVER"}
{"level":"info","message":"Server online at http://localhost:3069","tag":"SERVER"}
{"level":"info","message":"Server online at http://localhost:3069","tag":"SERVER"}
{"level":"info","message":"Server online at http://localhost:3069","tag":"SERVER"}
{"level":"info","message":"Server online at http://localhost:3069","tag":"SERVER"}
{"level":"info","message":"Server online at http://localhost:3069","tag":"SERVER"}
{"level":"info","message":"Server online at http://localhost:3069","tag":"SERVER"}
{"level":"info","message":"Server online at http://localhost:3069","tag":"SERVER"}
{"level":"info","message":"Server online at http://localhost:3069","tag":"SERVER"}
{"level":"info","message":"Server online at http://localhost:3069","tag":"SERVER"}
{"level":"info","message":"Server online at http://localhost:3069","tag":"SERVER"}
{"level":"info","message":"Server online at http://localhost:3069","tag":"SERVER"}
{"level":"info","message":"Server online at http://localhost:3069","tag":"SERVER"}
{"level":"info","message":"Server online at http://localhost:3069","tag":"SERVER"}
{"level":"info","message":"Server online at http://localhost:3069","tag":"SERVER"}
{"level":"info","message":"Server online at http://localhost:3069","tag":"SERVER"}
{"level":"info","message":"Server online at http://localhost:3069","tag":"SERVER"}
{"level":"info","message":"Server online at http://localhost:3069","tag":"SERVER"}
{"level":"info","message":"Server online at http://localhost:3069","tag":"SERVER"}
{"level":"info","message":"Server online at http://localhost:3069","tag":"SERVER"}
{"level":"info","message":"Server online at http://localhost:3069","tag":"SERVER"}
{"level":"info","message":"POST /auth/login 400 434 37.596ms","tag":" API "}
{"level":"info","message":"POST /auth/login 200 403 124.341ms","tag":" API "}
{"level":"info","message":"POST /auth/login 400 434 6.251ms","tag":" API "}
{"level":"info","message":"POST /auth/login 200 403 108.792ms","tag":" API "}
{"level":"info","message":"POST /auth/login 400 434 5.934ms","tag":" API "}
{"level":"info","message":"Server online at http://localhost:3069","tag":"SERVER"}
{"level":"info","message":"Server online at http://localhost:3069","tag":"SERVER"}
{"level":"info","message":"Server online at http://localhost:3069","tag":"SERVER"}
{"level":"info","message":"Server online at http://localhost:3069","tag":"SERVER"}
{"level":"info","message":"Server online at http://localhost:3069","tag":"SERVER"}
{"level":"info","message":"Server online at http://localhost:3069","tag":"SERVER"}
{"level":"info","message":"Server online at http://localhost:3069","tag":"SERVER"}
{"level":"info","message":"Server online at http://localhost:3069","tag":"SERVER"}
{"level":"info","message":"Server online at http://localhost:3069","tag":"SERVER"}
{"level":"info","message":"Server online at http://localhost:3069","tag":"SERVER"}
{"level":"info","message":"Server online at http://localhost:3069","tag":"SERVER"}
{"level":"info","message":"Server online at http://localhost:3069","tag":"SERVER"}
{"level":"info","message":"Server online at http://localhost:3069","tag":"SERVER"}
{"level":"info","message":"Server online at http://localhost:3069","tag":"SERVER"}
{"level":"info","message":"Server online at http://localhost:3069","tag":"SERVER"}
{"level":"info","message":"Server online at http://localhost:3069","tag":"SERVER"}
{"level":"info","message":"Server online at http://localhost:3069","tag":"SERVER"}
{"level":"info","message":"Server online at http://localhost:3069","tag":"SERVER"}
{"level":"info","message":"Server online at http://localhost:3069","tag":"SERVER"}
{"level":"info","message":"Server online at http://localhost:3069","tag":"SERVER"}
{"level":"info","message":"Server online at http://localhost:3069","tag":"SERVER"}
{"level":"info","message":"Server online at http://localhost:3069","tag":"SERVER"}
{"level":"info","message":"Server online at http://localhost:3069","tag":"SERVER"}
{"level":"info","message":"Server online at http://localhost:3069","tag":"SERVER"}
{"level":"info","message":"Server online at http://localhost:3069","tag":"SERVER"}
{"level":"info","message":"Server online at http://localhost:3069","tag":"SERVER"}
{"level":"info","message":"Server online at http://localhost:3069","tag":"SERVER"}
{"level":"info","message":"Server online at http://localhost:3069","tag":"SERVER"}
{"level":"info","message":"Server online at http://localhost:3069","tag":"SERVER"}
{"level":"info","message":"Server online at http://localhost:3069","tag":"SERVER"}
{"level":"info","message":"Server online at http://localhost:3069","tag":"SERVER"}
{"level":"info","message":"Server online at http://localhost:3069","tag":"SERVER"}
{"level":"info","message":"Server online at http://localhost:3069","tag":"SERVER"}
{"level":"info","message":"POST /auth/refresh-token 500 1391 8.153ms","tag":" API "}
{"level":"info","message":"POST /auth/refresh-token 400 1318 1.700ms","tag":" API "}
{"level":"info","message":"POST /auth/login 200 403 387.308ms","tag":" API "}
{"level":"info","message":"POST /auth/refresh-token 400 1318 1.397ms","tag":" API "}
{"level":"info","message":"POST /auth/refresh-token 200 406 10.219ms","tag":" API "}
{"level":"info","message":"Server online at http://localhost:3069","tag":"SERVER"}
{"level":"info","message":"Server online at http://localhost:3069","tag":"SERVER"}
{"level":"info","message":"Server online at http://localhost:3069","tag":"SERVER"}
{"level":"info","message":"Server online at http://localhost:3069","tag":"SERVER"}
{"level":"info","message":"Server online at http://localhost:3069","tag":"SERVER"}
{"level":"info","message":"Server online at http://localhost:3069","tag":"SERVER"}
{"level":"info","message":"Server online at http://localhost:3069","tag":"SERVER"}
{"level":"info","message":"Server online at http://localhost:3069","tag":"SERVER"}
{"level":"info","message":"Server online at http://localhost:3069","tag":"SERVER"}
{"level":"info","message":"Server online at http://localhost:3069","tag":"SERVER"}
{"level":"info","message":"Server online at http://localhost:3069","tag":"SERVER"}
{"level":"info","message":"Server online at http://localhost:3069","tag":"SERVER"}
{"level":"info","message":"Server online at http://localhost:3069","tag":"SERVER"}
{"level":"info","message":"Server online at http://localhost:3069","tag":"SERVER"}
{"level":"info","message":"Server online at http://localhost:3069","tag":"SERVER"}
{"level":"info","message":"Server online at http://localhost:3069","tag":"SERVER"}
{"level":"info","message":"Server online at http://localhost:3069","tag":"SERVER"}
{"level":"info","message":"Server online at http://localhost:3069","tag":"SERVER"}
{"level":"info","message":"Server online at http://localhost:3069","tag":"SERVER"}
{"level":"info","message":"Server online at http://localhost:3069","tag":"SERVER"}
{"level":"info","message":"Server online at http://localhost:3069","tag":"SERVER"}
{"level":"info","message":"Server online at http://localhost:3069","tag":"SERVER"}
{"level":"info","message":"Server online at http://localhost:3069","tag":"SERVER"}
{"level":"info","message":"Server online at http://localhost:3069","tag":"SERVER"}
{"level":"info","message":"Server online at http://localhost:3069","tag":"SERVER"}
{"level":"info","message":"Server online at http://localhost:3069","tag":"SERVER"}
{"level":"info","message":"Server online at http://localhost:3069","tag":"SERVER"}
{"level":"info","message":"Server online at http://localhost:3069","tag":"SERVER"}
{"level":"info","message":"Server online at http://localhost:3069","tag":"SERVER"}
{"level":"info","message":"Server online at http://localhost:3069","tag":"SERVER"}
{"level":"info","message":"Server online at http://localhost:3069","tag":"SERVER"}
{"level":"info","message":"Server online at http://localhost:3069","tag":"SERVER"}
{"level":"info","message":"Server online at http://localhost:3069","tag":"SERVER"}
{"level":"info","message":"Server online at http://localhost:3069","tag":"SERVER"}
{"level":"info","message":"Server online at http://localhost:3069","tag":"SERVER"}
{"level":"info","message":"Server online at http://localhost:3069","tag":"SERVER"}
{"level":"info","message":"Server online at http://localhost:3069","tag":"SERVER"}
{"level":"info","message":"Server online at http://localhost:3069","tag":"SERVER"}
{"level":"info","message":"Server online at http://localhost:3069","tag":"SERVER"}
{"level":"info","message":"Server online at http://localhost:3069","tag":"SERVER"}
{"level":"info","message":"Server online at http://localhost:3069","tag":"SERVER"}
{"level":"info","message":"Server online at http://localhost:3069","tag":"SERVER"}
{"level":"info","message":"Server online at http://localhost:3069","tag":"SERVER"}
{"level":"info","message":"Server online at http://localhost:3069","tag":"SERVER"}
{"level":"info","message":"Server online at http://localhost:3069","tag":"SERVER"}
{"level":"info","message":"Server online at http://localhost:3069","tag":"SERVER"}
{"level":"info","message":"Server online at http://localhost:3069","tag":"SERVER"}
{"level":"info","message":"Server online at http://localhost:3069","tag":"SERVER"}
{"level":"info","message":"Server online at http://localhost:3069","tag":"SERVER"}
{"level":"info","message":"Server online at http://localhost:3069","tag":"SERVER"}
{"level":"info","message":"Server online at http://localhost:3069","tag":"SERVER"}
{"level":"info","message":"Server online at http://localhost:3069","tag":"SERVER"}
{"level":"info","message":"Server online at http://localhost:3069","tag":"SERVER"}
{"level":"info","message":"Server online at http://localhost:3069","tag":"SERVER"}
{"level":"info","message":"Server online at http://localhost:3069","tag":"SERVER"}
{"level":"info","message":"Server online at http://localhost:3069","tag":"SERVER"}
{"level":"info","message":"Server online at http://localhost:3069","tag":"SERVER"}
{"level":"info","message":"Server online at http://localhost:3069","tag":"SERVER"}
{"level":"info","message":"POST /auth/get-info 404 153 5.793ms","tag":" API "}
{"level":"info","message":"POST /auth/refresh-token 200 406 38.223ms","tag":" API "}
{"level":"info","message":"POST /auth/get-info 404 153 2.409ms","tag":" API "}
{"level":"info","message":"GET /auth/get-info 500 1332 2.354ms","tag":" API "}
{"level":"info","message":"POST /auth/refresh-token 200 406 7.060ms","tag":" API "}
{"level":"info","message":"GET /auth/get-info 500 1332 2.119ms","tag":" API "}
{"level":"info","message":"Server online at http://localhost:3069","tag":"SERVER"}
{"level":"info","message":"GET /auth/get-info 401 1303 15.334ms","tag":" API "}
{"level":"info","message":"POST /auth/refresh-token 200 406 21.528ms","tag":" API "}
{"level":"info","message":"GET /auth/get-info 401 1303 1.352ms","tag":" API "}
{"level":"info","message":"GET /auth/get-info 401 1303 1.974ms","tag":" API "}
{"level":"info","message":"Server online at http://localhost:3069","tag":"SERVER"}
{"level":"info","message":"GET /auth/get-info 500 1941 124.046ms","tag":" API "}
{"level":"info","message":"Server online at http://localhost:3069","tag":"SERVER"}
{"level":"info","message":"POST /auth/refresh-token 200 406 19.993ms","tag":" API "}
{"level":"info","message":"GET /auth/get-info 500 1919 44.303ms","tag":" API "}
{"level":"info","message":"Server online at http://localhost:3069","tag":"SERVER"}
{"level":"info","message":"GET /auth/get-info 500 1919 62.587ms","tag":" API "}
{"level":"info","message":"Server online at http://localhost:3069","tag":"SERVER"}
{"level":"info","message":"POST /auth/login 200 433 199.943ms","tag":" API "}
{"level":"info","message":"GET /auth/get-info 200 323 20.364ms","tag":" API "}
{"level":"info","message":"Server online at http://localhost:3069","tag":"SERVER"}
{"level":"info","message":"Server online at http://localhost:3069","tag":"SERVER"}
{"level":"info","message":"POST /auth/refresh-token 200 436 67.146ms","tag":" API "}
{"level":"info","message":"GET /auth/get-info 200 323 197.702ms","tag":" API "}
{"level":"info","message":"Server online at http://localhost:3069","tag":"SERVER"}
{"level":"info","message":"Server online at http://localhost:3069","tag":"SERVER"}
{"level":"info","message":"Server online at http://localhost:3069","tag":"SERVER"}
{"level":"info","message":"Server online at http://localhost:3069","tag":"SERVER"}
{"level":"info","message":"Server online at http://localhost:3069","tag":"SERVER"}
{"level":"info","message":"Server online at http://localhost:3069","tag":"SERVER"}
{"level":"info","message":"Server online at http://localhost:3069","tag":"SERVER"}
{"level":"info","message":"Server online at http://localhost:3069","tag":"SERVER"}
{"level":"info","message":"Server online at http://localhost:3069","tag":"SERVER"}
{"level":"info","message":"Server online at http://localhost:3069","tag":"SERVER"}
{"level":"info","message":"Server online at http://localhost:3069","tag":"SERVER"}
{"level":"info","message":"Server online at http://localhost:3069","tag":"SERVER"}
{"level":"info","message":"Server online at http://localhost:3069","tag":"SERVER"}
{"level":"info","message":"Server online at http://localhost:3069","tag":"SERVER"}
{"level":"info","message":"Server online at http://localhost:3069","tag":"SERVER"}
{"level":"info","message":"Server online at http://localhost:3069","tag":"SERVER"}
{"level":"info","message":"Server online at http://localhost:3069","tag":"SERVER"}
{"level":"info","message":"Server online at http://localhost:3069","tag":"SERVER"}
{"level":"info","message":"Server online at http://localhost:3069","tag":"SERVER"}
{"level":"info","message":"Server online at http://localhost:3069","tag":"SERVER"}
{"level":"info","message":"Server online at http://localhost:3069","tag":"SERVER"}
{"level":"info","message":"Server online at http://localhost:3069","tag":"SERVER"}
{"level":"info","message":"Server online at http://localhost:3069","tag":"SERVER"}
{"level":"info","message":"Server online at http://localhost:3069","tag":"SERVER"}
{"level":"info","message":"Server online at http://localhost:3069","tag":"SERVER"}
{"level":"info","message":"Server online at http://localhost:3069","tag":"SERVER"}
{"level":"info","message":"Server online at http://localhost:3069","tag":"SERVER"}
{"level":"info","message":"Server online at http://localhost:3069","tag":"SERVER"}
{"level":"info","message":"Server online at http://localhost:3069","tag":"SERVER"}
{"level":"info","message":"Server online at http://localhost:3069","tag":"SERVER"}
{"level":"info","message":"Server online at http://localhost:3069","tag":"SERVER"}
{"level":"info","message":"Server online at http://localhost:3069","tag":"SERVER"}
{"level":"info","message":"Server online at http://localhost:3069","tag":"SERVER"}
{"level":"info","message":"Server online at http://localhost:3069","tag":"SERVER"}
{"level":"info","message":"Server online at http://localhost:3069","tag":"SERVER"}
{"level":"info","message":"Server online at http://localhost:3069","tag":"SERVER"}
{"level":"info","message":"Server online at http://localhost:3069","tag":"SERVER"}
{"level":"info","message":"Server online at http://localhost:3069","tag":"SERVER"}
{"level":"info","message":"Server online at http://localhost:3069","tag":"SERVER"}
{"level":"info","message":"Server online at http://localhost:3069","tag":"SERVER"}
{"level":"info","message":"Server online at http://localhost:3069","tag":"SERVER"}
{"level":"info","message":"Server online at http://localhost:3069","tag":"SERVER"}
{"level":"info","message":"Server online at http://localhost:3069","tag":"SERVER"}
{"level":"info","message":"Server online at http://localhost:3069","tag":"SERVER"}
{"level":"info","message":"Server online at http://localhost:3069","tag":"SERVER"}
{"level":"info","message":"Server online at http://localhost:3069","tag":"SERVER"}
{"level":"info","message":"Server online at http://localhost:3069","tag":"SERVER"}
{"level":"info","message":"Server online at http://localhost:3069","tag":"SERVER"}
{"level":"info","message":"Server online at http://localhost:3069","tag":"SERVER"}
{"level":"info","message":"Server online at http://localhost:3069","tag":"SERVER"}
{"level":"info","message":"Server online at http://localhost:3069","tag":"SERVER"}
{"level":"info","message":"Server online at http://localhost:3069","tag":"SERVER"}
{"level":"info","message":"Server online at http://localhost:3069","tag":"SERVER"}
{"level":"info","message":"Server online at http://localhost:3069","tag":"SERVER"}
{"level":"info","message":"Server online at http://localhost:3069","tag":"SERVER"}
{"level":"info","message":"Server online at http://localhost:3069","tag":"SERVER"}
{"level":"info","message":"Server online at http://localhost:3069","tag":"SERVER"}
{"level":"info","message":"Server online at http://localhost:3069","tag":"SERVER"}
{"level":"info","message":"Server online at http://localhost:3069","tag":"SERVER"}
{"level":"info","message":"Server online at http://localhost:3069","tag":"SERVER"}
{"level":"info","message":"Server online at http://localhost:3069","tag":"SERVER"}
{"level":"info","message":"Server online at http://localhost:3069","tag":"SERVER"}
{"level":"info","message":"Server online at http://localhost:3069","tag":"SERVER"}
{"level":"info","message":"Server online at http://localhost:3069","tag":"SERVER"}
{"level":"info","message":"Server online at http://localhost:3069","tag":"SERVER"}
{"level":"info","message":"Server online at http://localhost:3069","tag":"SERVER"}
{"level":"info","message":"Server online at http://localhost:3069","tag":"SERVER"}
{"level":"info","message":"Server online at http://localhost:3069","tag":"SERVER"}
{"level":"info","message":"Server online at http://localhost:3069","tag":"SERVER"}
{"level":"info","message":"Server online at http://localhost:3069","tag":"SERVER"}
{"level":"info","message":"Server online at http://localhost:3069","tag":"SERVER"}
{"level":"info","message":"Server online at http://localhost:3069","tag":"SERVER"}
{"level":"info","message":"GET /photo/upload-images 200 169 6.012ms","tag":" API "}
{"level":"info","message":"POST /photo/upload-images 401 1303 6.651ms","tag":" API "}
{"level":"info","message":"POST /auth/refresh-token 200 436 16.021ms","tag":" API "}
{"level":"info","message":"POST /photo/upload-images 200 258 110.258ms","tag":" API "}
{"level":"info","message":"Server online at http://localhost:3069","tag":"SERVER"}
{"level":"info","message":"Server online at http://localhost:3069","tag":"SERVER"}
{"level":"info","message":"Server online at http://localhost:3069","tag":"SERVER"}
{"level":"info","message":"POST /photo/upload-images 200 269 89.391ms","tag":" API "}
{"level":"info","message":"POST /photo/upload-images 200 269 32.125ms","tag":" API "}
{"level":"info","message":"POST /photo/upload-images 200 269 27.837ms","tag":" API "}
{"level":"info","message":"POST /photo/upload-images 200 267 29.940ms","tag":" API "}
{"level":"info","message":"Server online at http://localhost:3069","tag":"SERVER"}
{"level":"info","message":"Server online at http://localhost:3069","tag":"SERVER"}
{"level":"info","message":"Server online at http://localhost:3069","tag":"SERVER"}
{"level":"info","message":"Server online at http://localhost:3069","tag":"SERVER"}
{"level":"info","message":"Server online at http://localhost:3069","tag":"SERVER"}
{"level":"info","message":"Server online at http://localhost:3069","tag":"SERVER"}
{"level":"info","message":"Server online at http://localhost:3069","tag":"SERVER"}
{"level":"info","message":"Server online at http://localhost:3069","tag":"SERVER"}
{"level":"info","message":"Server online at http://localhost:3069","tag":"SERVER"}
{"level":"info","message":"Server online at http://localhost:3069","tag":"SERVER"}
{"level":"info","message":"Server online at http://localhost:3069","tag":"SERVER"}
{"level":"info","message":"Server online at http://localhost:3069","tag":"SERVER"}
{"level":"info","message":"Server online at http://localhost:3069","tag":"SERVER"}
{"level":"info","message":"Server online at http://localhost:3069","tag":"SERVER"}
{"level":"info","message":"Server online at http://localhost:3069","tag":"SERVER"}
{"level":"info","message":"Server online at http://localhost:3069","tag":"SERVER"}
{"level":"info","message":"Server online at http://localhost:3069","tag":"SERVER"}
{"level":"info","message":"Server online at http://localhost:3069","tag":"SERVER"}
{"level":"info","message":"Server online at http://localhost:3069","tag":"SERVER"}
{"level":"info","message":"Server online at http://localhost:3069","tag":"SERVER"}
{"level":"info","message":"Server online at http://localhost:3069","tag":"SERVER"}
{"level":"info","message":"Server online at http://localhost:3069","tag":"SERVER"}
{"level":"info","message":"Server online at http://localhost:3069","tag":"SERVER"}
{"level":"info","message":"Server online at http://localhost:3069","tag":"SERVER"}
{"level":"info","message":"Server online at http://localhost:3069","tag":"SERVER"}
{"level":"info","message":"Server online at http://localhost:3069","tag":"SERVER"}
{"level":"info","message":"Server online at http://localhost:3069","tag":"SERVER"}
{"level":"info","message":"Server online at http://localhost:3069","tag":"SERVER"}
{"level":"info","message":"Server online at http://localhost:3069","tag":"SERVER"}
{"level":"info","message":"Server online at http://localhost:3069","tag":"SERVER"}
{"level":"info","message":"Server online at http://localhost:3069","tag":"SERVER"}
{"level":"info","message":"Server online at http://localhost:3069","tag":"SERVER"}
{"level":"info","message":"Server online at http://localhost:3069","tag":"SERVER"}
{"level":"info","message":"Server online at http://localhost:3069","tag":"SERVER"}
{"level":"info","message":"Server online at http://localhost:3069","tag":"SERVER"}
{"level":"info","message":"Server online at http://localhost:3069","tag":"SERVER"}
{"level":"info","message":"Server online at http://localhost:3069","tag":"SERVER"}
{"level":"info","message":"Server online at http://localhost:3069","tag":"SERVER"}
{"level":"info","message":"Server online at http://localhost:3069","tag":"SERVER"}
{"level":"info","message":"Server online at http://localhost:3069","tag":"SERVER"}
{"level":"info","message":"Server online at http://localhost:3069","tag":"SERVER"}
{"level":"info","message":"Server online at http://localhost:3069","tag":"SERVER"}
{"level":"info","message":"Server online at http://localhost:3069","tag":"SERVER"}
{"level":"info","message":"Server online at http://localhost:3069","tag":"SERVER"}
{"level":"info","message":"Server online at http://localhost:3069","tag":"SERVER"}
{"level":"info","message":"Server online at http://localhost:3069","tag":"SERVER"}
{"level":"info","message":"GET /photo/pagination?page=1&pageSize=3 200 939 78.325ms","tag":" API "}
{"level":"info","message":"GET /photo/pagination?page=2&pageSize=3 200 690 18.438ms","tag":" API "}
{"level":"info","message":"GET /photo/pagination?page=1pageSize=3 200 939 17.893ms","tag":" API "}
{"level":"info","message":"GET /photo/pagination?page=1&pageSize=3 200 939 13.439ms","tag":" API "}
{"level":"info","message":"Server online at http://localhost:3069","tag":"SERVER"}
{"level":"info","message":"Server online at http://localhost:3069","tag":"SERVER"}
{"level":"info","message":"Server online at http://localhost:3069","tag":"SERVER"}
{"level":"info","message":"GET /photo/1?1 200 365 44.703ms","tag":" API "}
{"level":"info","message":"Server online at http://localhost:3069","tag":"SERVER"}
{"level":"info","message":"Server online at http://localhost:3069","tag":"SERVER"}
{"level":"info","message":"Server online at http://localhost:3069","tag":"SERVER"}
{"level":"info","message":"Server online at http://localhost:3069","tag":"SERVER"}
{"level":"info","message":"Server online at http://localhost:3069","tag":"SERVER"}
{"level":"info","message":"Server online at http://localhost:3069","tag":"SERVER"}
{"level":"info","message":"Server online at http://localhost:3069","tag":"SERVER"}
{"level":"info","message":"Server online at http://localhost:3069","tag":"SERVER"}
{"level":"info","message":"Server online at http://localhost:3069","tag":"SERVER"}
{"level":"info","message":"Server online at http://localhost:3069","tag":"SERVER"}
{"level":"info","message":"Server online at http://localhost:3069","tag":"SERVER"}
{"level":"info","message":"Server online at http://localhost:3069","tag":"SERVER"}
{"level":"info","message":"Server online at http://localhost:3069","tag":"SERVER"}
{"level":"info","message":"Server online at http://localhost:3069","tag":"SERVER"}
{"level":"info","message":"Server online at http://localhost:3069","tag":"SERVER"}
{"level":"info","message":"Server online at http://localhost:3069","tag":"SERVER"}
{"level":"info","message":"Server online at http://localhost:3069","tag":"SERVER"}
{"level":"info","message":"Server online at http://localhost:3069","tag":"SERVER"}
{"level":"info","message":"Server online at http://localhost:3069","tag":"SERVER"}
{"level":"info","message":"Server online at http://localhost:3069","tag":"SERVER"}
{"level":"info","message":"Server online at http://localhost:3069","tag":"SERVER"}
{"level":"info","message":"Server online at http://localhost:3069","tag":"SERVER"}
{"level":"info","message":"Server online at http://localhost:3069","tag":"SERVER"}
{"level":"info","message":"Server online at http://localhost:3069","tag":"SERVER"}
{"level":"info","message":"Server online at http://localhost:3069","tag":"SERVER"}
{"level":"info","message":"Server online at http://localhost:3069","tag":"SERVER"}
{"level":"info","message":"GET /photo/1?1 200 365 46.972ms","tag":" API "}
{"level":"info","message":"DELETE /photo/1 200 157 58.193ms","tag":" API "}
{"level":"info","message":"Server online at http://localhost:3069","tag":"SERVER"}
{"level":"info","message":"DELETE /photo/1 500 1151 77.138ms","tag":" API "}
{"level":"info","message":"Server online at http://localhost:3069","tag":"SERVER"}
{"level":"info","message":"Server online at http://localhost:3069","tag":"SERVER"}
{"level":"info","message":"DELETE /photo/1 500 410 47.074ms","tag":" API "}
{"level":"info","message":"Server online at http://localhost:3069","tag":"SERVER"}
{"level":"info","message":"Server online at http://localhost:3069","tag":"SERVER"}
{"level":"info","message":"Server online at http://localhost:3069","tag":"SERVER"}
{"level":"info","message":"Server online at http://localhost:3069","tag":"SERVER"}
{"level":"info","message":"DELETE /photo/1 500 410 60.772ms","tag":" API "}
{"level":"info","message":"Server online at http://localhost:3069","tag":"SERVER"}
{"level":"info","message":"Server online at http://localhost:3069","tag":"SERVER"}
{"level":"info","message":"Server online at http://localhost:3069","tag":"SERVER"}
{"level":"info","message":"Server online at http://localhost:3069","tag":"SERVER"}
{"level":"info","message":"DELETE /photo/1?1 500 410 61.416ms","tag":" API "}
{"level":"info","message":"Server online at http://localhost:3069","tag":"SERVER"}
{"level":"info","message":"Server online at http://localhost:3069","tag":"SERVER"}
{"level":"info","message":"DELETE /photo/1?1 500 410 55.397ms","tag":" API "}
{"level":"info","message":"DELETE /photo/1 500 410 14.769ms","tag":" API "}
{"level":"info","message":"DELETE /photo/2 500 417 22.868ms","tag":" API "}
